<?xml version="1.0" encoding="UTF-8"?>
<!-- Generated by org.testng.reporters.JUnitXMLReporter -->
<testsuite hostname="NTS5CG7321YLY" ignored="0" name="S4B Cucumber Tests" tests="7" failures="0" timestamp="28 Ara 2018 12:02:39 GMT" time="663.65" errors="0">
  <testcase name="feature" time="87.062" classname="cucumber.api.testng.AbstractTestNGCucumberTests"/>
  <testcase name="feature" time="105.93" classname="cucumber.api.testng.AbstractTestNGCucumberTests"/>
  <testcase name="feature" time="104.661" classname="cucumber.api.testng.AbstractTestNGCucumberTests"/>
  <testcase name="feature" time="54.464" classname="cucumber.api.testng.AbstractTestNGCucumberTests"/>
  <testcase name="feature" time="99.052" classname="cucumber.api.testng.AbstractTestNGCucumberTests"/>
  <testcase name="feature" time="109.153" classname="cucumber.api.testng.AbstractTestNGCucumberTests"/>
  <testcase name="feature" time="102.828" classname="cucumber.api.testng.AbstractTestNGCucumberTests"/>
</testsuite> <!-- S4B Cucumber Tests -->
