<?xml version="1.0" encoding="UTF-8"?>
<!-- Generated by org.testng.reporters.JUnitXMLReporter -->
<testsuite hostname="NTS5CG7321YLY" ignored="0" name="Default test" tests="5" failures="0" timestamp="17 Jan 2019 11:41:50 GMT" time="682.67" errors="0">
  <testcase name="feature" time="116.703" classname="cucumber.api.testng.AbstractTestNGCucumberTests"/>
  <testcase name="feature" time="187.58" classname="cucumber.api.testng.AbstractTestNGCucumberTests"/>
  <testcase name="feature" time="152.511" classname="cucumber.api.testng.AbstractTestNGCucumberTests"/>
  <testcase name="feature" time="106.184" classname="cucumber.api.testng.AbstractTestNGCucumberTests"/>
  <testcase name="feature" time="118.888" classname="cucumber.api.testng.AbstractTestNGCucumberTests"/>
</testsuite> <!-- Default test -->
