<?xml version="1.0" encoding="UTF-8"?>
<testng-results skipped="0" failed="0" ignored="0" total="1" passed="1">
  <reporter-output>
  </reporter-output>
  <suite name="Default suite" duration-ms="124242" started-at="2019-01-15T11:40:31Z" finished-at="2019-01-15T11:42:35Z">
    <groups>
      <group name="cucumber">
        <method signature="AbstractTestNGCucumberTests.feature(cucumber.api.testng.CucumberFeatureWrapper)[pri:0, instance:runners.Test_Test@4516af24]" name="feature" class="cucumber.api.testng.AbstractTestNGCucumberTests"/>
      </group> <!-- cucumber -->
    </groups>
    <test name="Default test" duration-ms="124242" started-at="2019-01-15T11:40:31Z" finished-at="2019-01-15T11:42:35Z">
      <class name="runners.Test_Test">
        <test-method status="PASS" signature="setUpClass()[pri:0, instance:runners.Test_Test@4516af24]" name="setUpClass" is-config="true" duration-ms="266" started-at="2019-01-15T11:40:31Z" finished-at="2019-01-15T11:40:31Z">
          <reporter-output>
          </reporter-output>
        </test-method> <!-- setUpClass -->
        <test-method status="PASS" signature="feature(cucumber.api.testng.CucumberFeatureWrapper)[pri:0, instance:runners.Test_Test@4516af24]" name="feature" duration-ms="123842" started-at="2019-01-15T11:40:31Z" description="Runs Cucumber Feature" data-provider="features" finished-at="2019-01-15T11:42:35Z">
          <params>
            <param index="0">
              <value>
                <![CDATA[Verify that User A, B nd C can perform transfer]]>
              </value>
            </param>
          </params>
          <reporter-output>
          </reporter-output>
        </test-method> <!-- feature -->
        <test-method status="PASS" signature="tearDownClass()[pri:0, instance:runners.Test_Test@4516af24]" name="tearDownClass" is-config="true" duration-ms="35" started-at="2019-01-15T11:42:35Z" finished-at="2019-01-15T11:42:35Z">
          <reporter-output>
          </reporter-output>
        </test-method> <!-- tearDownClass -->
      </class> <!-- runners.Test_Test -->
    </test> <!-- Default test -->
  </suite> <!-- Default suite -->
</testng-results>
